<?xml version="1.0" encoding="UTF-8"?>
<!-- Generated by org.testng.reporters.JUnitReportReporter -->
<testsuite hostname="Clements-MacBook-Pro.local" failures="0" tests="3" name="assignment4.GoogleSearchTest" time="3.516" errors="0" timestamp="2023-11-09T18:00:21 GMT" skipped="0">
  <testcase classname="assignment4.GoogleSearchTest" name="testButtons" time="2.312"/>
  <system-out/>
  <testcase classname="assignment4.GoogleSearchTest" name="testSearchTextBox" time="0.546"/>
  <system-out/>
  <testcase classname="assignment4.GoogleSearchTest" name="testGoogleLogo" time="0.658"/>
  <system-out/>
</testsuite> <!-- assignment4.GoogleSearchTest -->
