<?xml version="1.0" encoding="UTF-8"?>
<!-- Generated by org.testng.reporters.JUnitReportReporter -->
<testsuite hostname="Clements-MacBook-Pro.local" failures="0" tests="1" name="assignment4.GoogleValidation" time="39.528" errors="0" timestamp="2023-11-09T18:00:21 GMT" skipped="0">
  <testcase classname="assignment4.GoogleValidation" name="testGoogleSearch" time="39.528"/>
  <system-out/>
</testsuite> <!-- assignment4.GoogleValidation -->
